[ResponseResult]
ResultCode=0
[Install Progress]
 Confirm Realtek Driver 
 Check Operation System Version 
 OS Information [WINMAJOR Number] = 6
 OS Information [WINMAJOR String] = 6.1
 OS Information [SYSINFO.nWinMajor] = 6
 OS Information [SYSINFO.nWinMinor] = 1
 OS Information [IsWin2000] = 0
 OS Information [IsWinXP] = 0
 OS Information [IsWin2003] = 0
 OS Information [IsVista] = 0
 OS Information [IsWin2008] = 0
 OS Information [IsWin7] = 1
 OS Information [IsWin2008R2x64] = 0
 OS Information [IsMCE] = 1
 OS Information [IsServer] = 0
 OS Information [Service Pack] = 1
 OS Information [x64] = 0
 Rtlupd [GetRtlupdForPackage] = 1
 Rtlupd version [C:\dell\drivers\R248298\Vista\RtlUpd.exe] = 2.8.0.0
 Rtkupd version [\] = 
 Current use Rtlupd version [C:\dell\drivers\R248298\Vista\RtlUpd.exe] = 2.8.0.0
 Default Path [RtkAudioDir] = C:\Program Files\Realtek\Audio
 Default Path [RtkAudioDir x64] = C:\Program Files\Realtek\Audio
 Default Path [RtlTempDir] = C:\Program Files\Realtek\Audio\Drivers
 Default Path [RtkHDADrvDir] = C:\Program Files\Realtek\Audio\Drivers\Vista
 Default Path [RtkHDMIDrvDir] = C:\Program Files\Realtek\Audio\Drivers\HDMI\XP2K
 Default Path [RtlPFHDADir] = C:\Program Files\Realtek\Audio\HDA
 Default Registry key [Installer Base Key] = SOFTWARE\Realtek\Audio\Installer
 Current driver version = RD1.14
 
 Realtek HD Audio Driver Vista Directory Exist .
 Status - ProgramFiles_Installing
 delete C:\Program Files\Realtek\Audio\Drivers\Vista
 Copy Realtek HD Audio Driver from Vista Directory
 Run RtlUpd.exe : C:\Program Files\Realtek\Audio\Drivers\RtlUpd.exe --- > -s -cb -nrg2709 (TRUE)
 Status - ProgramFiles_Installed
 Install Realtek HD Audio Audio Driver 
 Run RtlUpd.exe : C:\Program Files\Realtek\Audio\Drivers\RtlUpd.exe --- > -u  -s -fi -nrg2709 (TRUE)
 -->Realtek HD Audio - SetupAPI result LAAW_PARAMETERS.nLaunchResult = -4
 Register C:\Windows\system32\RtkAPO.dll in Vista system .
 Status - OnFirstUIAfter
 Installer - OnEnd
